<?xml version="1.0" encoding="UTF-8"?>
<!-- Generated by org.testng.reporters.JUnitReportReporter -->
<testsuite hostname="DESKTOP-MTF8S7V" failures="0" tests="1" name="testCases.TC002_LoginTest" time="1.461" errors="0" timestamp="2024-08-26T19:18:43 IST" skipped="0">
  <testcase classname="testCases.TC002_LoginTest" name="verify_login" time="1.461"/>
</testsuite> <!-- testCases.TC002_LoginTest -->
