<?xml version="1.0" encoding="UTF-8"?>
<!-- Generated by org.testng.reporters.JUnitReportReporter -->
<testsuite hostname="DESKTOP-MTF8S7V" failures="0" tests="1" name="testCases.TC001_AccountRegistrationTest" time="1.980" errors="0" timestamp="2024-08-26T19:18:43 IST" skipped="0">
  <testcase classname="testCases.TC001_AccountRegistrationTest" name="verify_account_registration" time="1.980"/>
</testsuite> <!-- testCases.TC001_AccountRegistrationTest -->
